<?xml version="1.0" encoding="UTF-8"?>
<!-- Generated by org.testng.reporters.JUnitReportReporter -->
<testsuite skipped="0" hostname="sss-PC" name="com.SP.testcases.MercuryLoginTest" tests="1" failures="0" timestamp="24 Aug 2020 07:39:36 GMT" time="6.562" errors="0">
  <testcase name="mercuryLoginTest" time="6.562" classname="com.SP.testcases.MercuryLoginTest"/>
</testsuite> <!-- com.SP.testcases.MercuryLoginTest -->
