<?xml version="1.0" encoding="UTF-8"?>
<!-- Generated by org.testng.reporters.JUnitReportReporter -->
<testsuite skipped="0" hostname="sss-PC" name="com.SP.testcases.MercuryLoginTest" tests="1" failures="0" timestamp="25 Aug 2020 10:41:48 GMT" time="9.101" errors="0">
  <testcase name="mercuryLoginTest" time="9.101" classname="com.SP.testcases.MercuryLoginTest"/>
</testsuite> <!-- com.SP.testcases.MercuryLoginTest -->
