<?xml version="1.0" encoding="UTF-8"?>
<!-- Generated by org.testng.reporters.JUnitReportReporter -->
<testsuite skipped="0" hostname="sss-PC" name="com.SP.testcases.MercuryLoginTest" tests="1" failures="0" timestamp="25 Aug 2020 05:19:44 GMT" time="8.370" errors="0">
  <testcase name="mercuryLoginTest" time="8.370" classname="com.SP.testcases.MercuryLoginTest"/>
</testsuite> <!-- com.SP.testcases.MercuryLoginTest -->
