<?xml version="1.0" encoding="UTF-8"?>
<!-- Generated by org.testng.reporters.JUnitReportReporter -->
<testsuite skipped="0" hostname="sss-PC" name="com.SP.testcases.MercuryLoginTest" tests="1" failures="0" timestamp="24 Aug 2020 10:04:35 GMT" time="7.917" errors="0">
  <testcase name="mercuryLoginTest" time="7.917" classname="com.SP.testcases.MercuryLoginTest"/>
</testsuite> <!-- com.SP.testcases.MercuryLoginTest -->
